<!DOCTYPE HTML PUBLIC "-//W3C//DTD HTML 4.01 Transitional//EN" "http://www.w3.org/TR/html4/loose.dtd">
<html>
<head>
<title>Log4J Log Messages</title>
<style type="text/css">
<!--
body, table {font-family: arial,sans-serif; font-size: x-small;}
th {background: #336699; color: #FFFFFF; text-align: left;}
-->
</style>
</head>
<body bgcolor="#FFFFFF" topmargin="6" leftmargin="6">
<hr size="1" noshade>
Log session start time Mon Dec 03 15:16:58 IST 2018<br>
<br>
<table cellspacing="0" cellpadding="4" border="1" bordercolor="#224466" width="100%">
<tr>
<th>Time</th>
<th>Thread</th>
<th>Level</th>
<th>Category</th>
<th>Message</th>
</tr>

<tr>
<td>0</td>
<td title="main thread">main</td>
<td title="Level">INFO</td>
<td title="com.ey.mms.pageobjects.HomePage category">com.ey.mms.pageobjects.HomePage</td>
<td title="Message">[MMS_HomePage : clickConfiguration] Clicking Configuration </td>
</tr>

<tr>
<td>94598</td>
<td title="main thread">main</td>
<td title="Level"><font color="#993300"><strong>ERROR</strong></font></td>
<td title="com.ey.mms.util.EY_FW_Utility category">com.ey.mms.util.EY_FW_Utility</td>
<td title="Message">[EY_FW_Utility: findAnyElementByAnyLocator] Exception thrown -- net.thucydides.core.webdriver.UnsupportedDriverException: Could not instantiate class org.openqa.selenium.firefox.FirefoxDriver
	at net.thucydides.core.webdriver.WebDriverFacade.newDriverInstance(WebDriverFacade.java:144)
	at net.thucydides.core.webdriver.WebDriverFacade.newProxyDriver(WebDriverFacade.java:131)
	at net.thucydides.core.webdriver.WebDriverFacade.getProxiedDriver(WebDriverFacade.java:103)
	at net.thucydides.core.webdriver.WebDriverFacade.findElement(WebDriverFacade.java:243)
	at org.openqa.selenium.support.ui.ExpectedConditions.findElement(ExpectedConditions.java:899)
	at org.openqa.selenium.support.ui.ExpectedConditions.access$000(ExpectedConditions.java:41)
	at org.openqa.selenium.support.ui.ExpectedConditions$7.apply(ExpectedConditions.java:205)
	at org.openqa.selenium.support.ui.ExpectedConditions$7.apply(ExpectedConditions.java:201)
	at org.openqa.selenium.support.ui.FluentWait.until(FluentWait.java:238)
	at com.ey.mms.util.EY_FW_Utility.findElementByLocator(EY_FW_Utility.java:322)
	at com.ey.mms.pageobjects.HomePage.clickConfiguration(HomePage.java:44)
	at com.ey.mms.serenitystepsThemelevel.MMS_FleetTheme_SerenitySteps.clickConfigurationLink(MMS_FleetTheme_SerenitySteps.java:84)
	at com.ey.mms.serenitystepsThemelevel.MMS_FleetTheme_SerenitySteps$$EnhancerByCGLIB$$d35ffff7.CGLIB$clickConfigurationLink$7(&lt;generated&gt;)
	at com.ey.mms.serenitystepsThemelevel.MMS_FleetTheme_SerenitySteps$$EnhancerByCGLIB$$d35ffff7$$FastClassByCGLIB$$7fd98434.invoke(&lt;generated&gt;)
	at net.sf.cglib.proxy.MethodProxy.invokeSuper(MethodProxy.java:228)
	at net.thucydides.core.steps.StepInterceptor.invokeMethod(StepInterceptor.java:348)
	at net.thucydides.core.steps.StepInterceptor.executeTestStepMethod(StepInterceptor.java:333)
	at net.thucydides.core.steps.StepInterceptor.runTestStep(StepInterceptor.java:308)
	at net.thucydides.core.steps.StepInterceptor.testStepResult(StepInterceptor.java:130)
	at net.thucydides.core.steps.StepInterceptor.intercept(StepInterceptor.java:57)
	at com.ey.mms.serenitystepsThemelevel.MMS_FleetTheme_SerenitySteps$$EnhancerByCGLIB$$d35ffff7.clickConfigurationLink(&lt;generated&gt;)
	at com.ey.mms.cucumberStepsThemeLevel.FleetThemes_StepDefs.user_navigate_through_configuration(FleetThemes_StepDefs.java:57)
	at sun.reflect.NativeMethodAccessorImpl.invoke0(Native Method)
	at sun.reflect.NativeMethodAccessorImpl.invoke(Unknown Source)
	at sun.reflect.DelegatingMethodAccessorImpl.invoke(Unknown Source)
	at java.lang.reflect.Method.invoke(Unknown Source)
	at cucumber.runtime.Utils$1.call(Utils.java:37)
	at cucumber.runtime.Timeout.timeout(Timeout.java:13)
	at cucumber.runtime.Utils.invoke(Utils.java:31)
	at cucumber.runtime.java.JavaStepDefinition.execute(JavaStepDefinition.java:38)
	at cucumber.runtime.StepDefinitionMatch.runStep(StepDefinitionMatch.java:37)
	at cucumber.runtime.Runtime.runStep(Runtime.java:299)
	at cucumber.runtime.model.StepContainer.runStep(StepContainer.java:44)
	at cucumber.runtime.model.StepContainer.runSteps(StepContainer.java:39)
	at cucumber.runtime.model.CucumberScenario.run(CucumberScenario.java:44)
	at cucumber.runtime.junit.ExecutionUnitRunner.run(ExecutionUnitRunner.java:91)
	at cucumber.runtime.junit.FeatureRunner.runChild(FeatureRunner.java:63)
	at cucumber.runtime.junit.FeatureRunner.runChild(FeatureRunner.java:18)
	at org.junit.runners.ParentRunner$3.run(ParentRunner.java:238)
	at org.junit.runners.ParentRunner$1.schedule(ParentRunner.java:63)
	at org.junit.runners.ParentRunner.runChildren(ParentRunner.java:236)
	at org.junit.runners.ParentRunner.access$000(ParentRunner.java:53)
	at org.junit.runners.ParentRunner$2.evaluate(ParentRunner.java:229)
	at org.junit.runners.ParentRunner.run(ParentRunner.java:309)
	at cucumber.runtime.junit.FeatureRunner.run(FeatureRunner.java:70)
	at cucumber.api.junit.Cucumber.runChild(Cucumber.java:93)
	at cucumber.api.junit.Cucumber.runChild(Cucumber.java:37)
	at org.junit.runners.ParentRunner$3.run(ParentRunner.java:238)
	at org.junit.runners.ParentRunner$1.schedule(ParentRunner.java:63)
	at org.junit.runners.ParentRunner.runChildren(ParentRunner.java:236)
	at org.junit.runners.ParentRunner.access$000(ParentRunner.java:53)
	at org.junit.runners.ParentRunner$2.evaluate(ParentRunner.java:229)
	at org.junit.internal.runners.statements.RunBefores.evaluate(RunBefores.java:26)
	at org.junit.runners.ParentRunner.run(ParentRunner.java:309)
	at cucumber.api.junit.Cucumber.run(Cucumber.java:98)
	at org.junit.runner.JUnitCore.run(JUnitCore.java:160)
	at org.junit.runner.JUnitCore.run(JUnitCore.java:138)
	at org.testng.junit.JUnit4TestRunner.start(JUnit4TestRunner.java:81)
	at org.testng.junit.JUnit4TestRunner.run(JUnit4TestRunner.java:69)
	at org.testng.TestRunner$1.run(TestRunner.java:697)
	at org.testng.TestRunner.runJUnitWorkers(TestRunner.java:1004)
	at org.testng.TestRunner.privateRunJUnit(TestRunner.java:728)
	at org.testng.TestRunner.run(TestRunner.java:629)
	at org.testng.SuiteRunner.runTest(SuiteRunner.java:366)
	at org.testng.SuiteRunner.runSequentially(SuiteRunner.java:361)
	at org.testng.SuiteRunner.privateRun(SuiteRunner.java:319)
	at org.testng.SuiteRunner.run(SuiteRunner.java:268)
	at org.testng.SuiteRunnerWorker.runSuite(SuiteRunnerWorker.java:52)
	at org.testng.SuiteRunnerWorker.run(SuiteRunnerWorker.java:86)
	at org.testng.TestNG.runSuitesSequentially(TestNG.java:1244)
	at org.testng.TestNG.runSuitesLocally(TestNG.java:1169)
	at org.testng.TestNG.run(TestNG.java:1064)
	at org.apache.maven.surefire.testng.TestNGExecutor.run(TestNGExecutor.java:132)
	at org.apache.maven.surefire.testng.TestNGDirectoryTestSuite.executeSingleClass(TestNGDirectoryTestSuite.java:134)
	at org.apache.maven.surefire.testng.TestNGDirectoryTestSuite.execute(TestNGDirectoryTestSuite.java:118)
	at org.apache.maven.surefire.testng.TestNGProvider.invoke(TestNGProvider.java:146)
	at org.apache.maven.surefire.booter.ForkedBooter.invokeProviderInSameClassLoader(ForkedBooter.java:286)
	at org.apache.maven.surefire.booter.ForkedBooter.runSuitesInProcess(ForkedBooter.java:240)
	at org.apache.maven.surefire.booter.ForkedBooter.main(ForkedBooter.java:121)
Caused by: net.thucydides.core.webdriver.UnsupportedDriverException: Could not instantiate class org.openqa.selenium.firefox.FirefoxDriver
	at net.thucydides.core.webdriver.WebDriverFactory.newWebdriverInstance(WebDriverFactory.java:204)
	at net.thucydides.core.webdriver.WebDriverFacade.newDriverInstance(WebDriverFacade.java:140)
	... 78 more
Caused by: org.openqa.selenium.WebDriverException: Failed to connect to binary FirefoxBinary(C:\Program Files (x86)\Mozilla Firefox\firefox.exe) on port 7055; process output follows: 
cker for LightweightThemeManager
1543830516384	addons.manager	DEBUG	Provider finished startup: LightweightThemeManager
1543830516384	addons.manager	DEBUG	Starting provider: GMPProvider
1543830516439	addons.manager	DEBUG	Registering shutdown blocker for GMPProvider
1543830516439	addons.manager	DEBUG	Provider finished startup: GMPProvider
1543830516439	addons.manager	DEBUG	Starting provider: PluginProvider
1543830516439	addons.manager	DEBUG	Registering shutdown blocker for PluginProvider
1543830516440	addons.manager	DEBUG	Provider finished startup: PluginProvider
1543830516440	addons.manager	DEBUG	Completed startup sequence
1543830519238	addons.repository	DEBUG	No addons.json found.
1543830519262	addons.manager	DEBUG	Starting provider: PreviousExperimentProvider
1543830519262	addons.manager	DEBUG	Registering shutdown blocker for PreviousExperimentProvider
1543830519262	addons.manager	DEBUG	Provider finished startup: PreviousExperimentProvider
1543830519486	addons.xpi-utils	DEBUG	XPI Database saved, setting schema version preference to 25
1543830520109	addons.xpi	INFO	Mapping fxdriver@googlecode.com to C:\Users\503089474\AppData\Local\Temp\anonymous4283865236179885039webdriver-profile\extensions\fxdriver@googlecode.com
1543830520110	addons.xpi	DEBUG	Ignoring file entry whose name is not a valid add-on ID: C:\Users\503089474\AppData\Local\Temp\anonymous4283865236179885039webdriver-profile\extensions\webdriver-staging
1543830520110	addons.xpi	DEBUG	Existing add-on fxdriver@googlecode.com in app-profile
1543830520112	addons.xpi	INFO	Mapping activity-stream@mozilla.org to C:\Program Files (x86)\Mozilla Firefox\browser\features\activity-stream@mozilla.org.xpi
1543830520112	addons.xpi	INFO	Mapping aushelper@mozilla.org to C:\Program Files (x86)\Mozilla Firefox\browser\features\aushelper@mozilla.org.xpi
1543830520112	addons.xpi	INFO	Mapping firefox@getpocket.com to C:\Program Files (x86)\Mozilla Firefox\browser\features\firefox@getpocket.com.xpi
1543830520112	addons.xpi	INFO	Mapping followonsearch@mozilla.com to C:\Program Files (x86)\Mozilla Firefox\browser\features\followonsearch@mozilla.com.xpi
1543830520112	addons.xpi	INFO	Mapping formautofill@mozilla.org to C:\Program Files (x86)\Mozilla Firefox\browser\features\formautofill@mozilla.org.xpi
1543830520112	addons.xpi	INFO	Mapping jaws-esr@mozilla.org to C:\Program Files (x86)\Mozilla Firefox\browser\features\jaws-esr@mozilla.org.xpi
1543830520112	addons.xpi	INFO	Mapping onboarding@mozilla.org to C:\Program Files (x86)\Mozilla Firefox\browser\features\onboarding@mozilla.org.xpi
1543830520112	addons.xpi	INFO	Mapping screenshots@mozilla.org to C:\Program Files (x86)\Mozilla Firefox\browser\features\screenshots@mozilla.org.xpi
1543830520112	addons.xpi	INFO	Mapping webcompat@mozilla.org to C:\Program Files (x86)\Mozilla Firefox\browser\features\webcompat@mozilla.org.xpi
1543830520113	addons.xpi	DEBUG	Existing add-on activity-stream@mozilla.org in app-system-defaults
1543830520113	addons.xpi	DEBUG	Existing add-on aushelper@mozilla.org in app-system-defaults
1543830520114	addons.xpi	DEBUG	Existing add-on firefox@getpocket.com in app-system-defaults
1543830520114	addons.xpi	DEBUG	Existing add-on followonsearch@mozilla.com in app-system-defaults
1543830520115	addons.xpi	DEBUG	Existing add-on formautofill@mozilla.org in app-system-defaults
1543830520115	addons.xpi	DEBUG	Existing add-on jaws-esr@mozilla.org in app-system-defaults
1543830520116	addons.xpi	DEBUG	Existing add-on onboarding@mozilla.org in app-system-defaults
1543830520116	addons.xpi	DEBUG	Existing add-on screenshots@mozilla.org in app-system-defaults
1543830520116	addons.xpi	DEBUG	Existing add-on webcompat@mozilla.org in app-system-defaults
1543830520117	addons.xpi	INFO	Mapping {972ce4c6-7e08-4474-a285-3208198ce6fd} to C:\Program Files (x86)\Mozilla Firefox\browser\extensions\{972ce4c6-7e08-4474-a285-3208198ce6fd}.xpi
1543830520118	addons.xpi	DEBUG	Existing add-on {972ce4c6-7e08-4474-a285-3208198ce6fd} in app-global
1543830520118	addons.xpi	DEBUG	getInstallState changed: false, state: {}

Build info: version: '2.53.1', revision: 'a36b8b1cd5757287168e54b817830adce9b0158d', time: '2016-06-30 19:26:09'
System info: host: 'G69G7SF2E', ip: '10.185.118.145', os.name: 'Windows 10', os.arch: 'amd64', os.version: '10.0', java.version: '1.8.0_191'
Driver info: driver.version: FirefoxDriver
	at org.openqa.selenium.firefox.internal.NewProfileExtensionConnection.start(NewProfileExtensionConnection.java:125)
	at org.openqa.selenium.firefox.FirefoxDriver.startClient(FirefoxDriver.java:271)
	at org.openqa.selenium.remote.RemoteWebDriver.&lt;init&gt;(RemoteWebDriver.java:119)
	at org.openqa.selenium.firefox.FirefoxDriver.&lt;init&gt;(FirefoxDriver.java:216)
	at org.openqa.selenium.firefox.FirefoxDriver.&lt;init&gt;(FirefoxDriver.java:211)
	at org.openqa.selenium.firefox.FirefoxDriver.&lt;init&gt;(FirefoxDriver.java:128)
	at net.thucydides.core.webdriver.WebdriverInstanceFactory.newFirefoxDriver(WebdriverInstanceFactory.java:60)
	at net.thucydides.core.webdriver.WebDriverFactory.firefoxDriver(WebDriverFactory.java:499)
	at net.thucydides.core.webdriver.WebDriverFactory.newWebdriverInstance(WebDriverFactory.java:177)
	... 79 more
Caused by: org.openqa.selenium.firefox.NotConnectedException: Unable to connect to host 127.0.0.1 on port 7055 after 45000 ms. Firefox console output:
cker for LightweightThemeManager
1543830516384	addons.manager	DEBUG	Provider finished startup: LightweightThemeManager
1543830516384	addons.manager	DEBUG	Starting provider: GMPProvider
1543830516439	addons.manager	DEBUG	Registering shutdown blocker for GMPProvider
1543830516439	addons.manager	DEBUG	Provider finished startup: GMPProvider
1543830516439	addons.manager	DEBUG	Starting provider: PluginProvider
1543830516439	addons.manager	DEBUG	Registering shutdown blocker for PluginProvider
1543830516440	addons.manager	DEBUG	Provider finished startup: PluginProvider
1543830516440	addons.manager	DEBUG	Completed startup sequence
1543830519238	addons.repository	DEBUG	No addons.json found.
1543830519262	addons.manager	DEBUG	Starting provider: PreviousExperimentProvider
1543830519262	addons.manager	DEBUG	Registering shutdown blocker for PreviousExperimentProvider
1543830519262	addons.manager	DEBUG	Provider finished startup: PreviousExperimentProvider
1543830519486	addons.xpi-utils	DEBUG	XPI Database saved, setting schema version preference to 25
1543830520109	addons.xpi	INFO	Mapping fxdriver@googlecode.com to C:\Users\503089474\AppData\Local\Temp\anonymous4283865236179885039webdriver-profile\extensions\fxdriver@googlecode.com
1543830520110	addons.xpi	DEBUG	Ignoring file entry whose name is not a valid add-on ID: C:\Users\503089474\AppData\Local\Temp\anonymous4283865236179885039webdriver-profile\extensions\webdriver-staging
1543830520110	addons.xpi	DEBUG	Existing add-on fxdriver@googlecode.com in app-profile
1543830520112	addons.xpi	INFO	Mapping activity-stream@mozilla.org to C:\Program Files (x86)\Mozilla Firefox\browser\features\activity-stream@mozilla.org.xpi
1543830520112	addons.xpi	INFO	Mapping aushelper@mozilla.org to C:\Program Files (x86)\Mozilla Firefox\browser\features\aushelper@mozilla.org.xpi
1543830520112	addons.xpi	INFO	Mapping firefox@getpocket.com to C:\Program Files (x86)\Mozilla Firefox\browser\features\firefox@getpocket.com.xpi
1543830520112	addons.xpi	INFO	Mapping followonsearch@mozilla.com to C:\Program Files (x86)\Mozilla Firefox\browser\features\followonsearch@mozilla.com.xpi
1543830520112	addons.xpi	INFO	Mapping formautofill@mozilla.org to C:\Program Files (x86)\Mozilla Firefox\browser\features\formautofill@mozilla.org.xpi
1543830520112	addons.xpi	INFO	Mapping jaws-esr@mozilla.org to C:\Program Files (x86)\Mozilla Firefox\browser\features\jaws-esr@mozilla.org.xpi
1543830520112	addons.xpi	INFO	Mapping onboarding@mozilla.org to C:\Program Files (x86)\Mozilla Firefox\browser\features\onboarding@mozilla.org.xpi
1543830520112	addons.xpi	INFO	Mapping screenshots@mozilla.org to C:\Program Files (x86)\Mozilla Firefox\browser\features\screenshots@mozilla.org.xpi
1543830520112	addons.xpi	INFO	Mapping webcompat@mozilla.org to C:\Program Files (x86)\Mozilla Firefox\browser\features\webcompat@mozilla.org.xpi
1543830520113	addons.xpi	DEBUG	Existing add-on activity-stream@mozilla.org in app-system-defaults
1543830520113	addons.xpi	DEBUG	Existing add-on aushelper@mozilla.org in app-system-defaults
1543830520114	addons.xpi	DEBUG	Existing add-on firefox@getpocket.com in app-system-defaults
1543830520114	addons.xpi	DEBUG	Existing add-on followonsearch@mozilla.com in app-system-defaults
1543830520115	addons.xpi	DEBUG	Existing add-on formautofill@mozilla.org in app-system-defaults
1543830520115	addons.xpi	DEBUG	Existing add-on jaws-esr@mozilla.org in app-system-defaults
1543830520116	addons.xpi	DEBUG	Existing add-on onboarding@mozilla.org in app-system-defaults
1543830520116	addons.xpi	DEBUG	Existing add-on screenshots@mozilla.org in app-system-defaults
1543830520116	addons.xpi	DEBUG	Existing add-on webcompat@mozilla.org in app-system-defaults
1543830520117	addons.xpi	INFO	Mapping {972ce4c6-7e08-4474-a285-3208198ce6fd} to C:\Program Files (x86)\Mozilla Firefox\browser\extensions\{972ce4c6-7e08-4474-a285-3208198ce6fd}.xpi
1543830520118	addons.xpi	DEBUG	Existing add-on {972ce4c6-7e08-4474-a285-3208198ce6fd} in app-global
1543830520118	addons.xpi	DEBUG	getInstallState changed: false, state: {}

	at org.openqa.selenium.firefox.internal.NewProfileExtensionConnection.start(NewProfileExtensionConnection.java:113)
	... 87 more
</td>
</tr>

<tr>
<td>94820</td>
<td title="main thread">main</td>
<td title="Level">INFO</td>
<td title="com.ey.mms.pageobjects.FleetListPage category">com.ey.mms.pageobjects.FleetListPage</td>
<td title="Message">[MMS_FleetListPage : clickFleetFilterButton] Clicking Fleek filter button</td>
</tr>

<tr>
<td>191683</td>
<td title="main thread">main</td>
<td title="Level"><font color="#993300"><strong>ERROR</strong></font></td>
<td title="com.ey.mms.util.EY_FW_Utility category">com.ey.mms.util.EY_FW_Utility</td>
<td title="Message">[EY_FW_Utility: findAnyElementByAnyLocator] Exception thrown -- net.thucydides.core.webdriver.UnsupportedDriverException: Could not instantiate class org.openqa.selenium.firefox.FirefoxDriver
	at net.thucydides.core.webdriver.WebDriverFacade.newDriverInstance(WebDriverFacade.java:144)
	at net.thucydides.core.webdriver.WebDriverFacade.newProxyDriver(WebDriverFacade.java:131)
	at net.thucydides.core.webdriver.WebDriverFacade.getProxiedDriver(WebDriverFacade.java:103)
	at net.thucydides.core.webdriver.WebDriverFacade.findElement(WebDriverFacade.java:243)
	at org.openqa.selenium.support.ui.ExpectedConditions.findElement(ExpectedConditions.java:899)
	at org.openqa.selenium.support.ui.ExpectedConditions.access$000(ExpectedConditions.java:41)
	at org.openqa.selenium.support.ui.ExpectedConditions$6.apply(ExpectedConditions.java:181)
	at org.openqa.selenium.support.ui.ExpectedConditions$6.apply(ExpectedConditions.java:178)
	at org.openqa.selenium.support.ui.FluentWait.until(FluentWait.java:238)
	at com.ey.mms.util.EY_FW_Utility.findElementByLocator(EY_FW_Utility.java:310)
	at com.ey.mms.pageobjects.FleetListPage.clickFleetFilterButton(FleetListPage.java:52)
	at com.ey.mms.serenitystepsThemelevel.MMS_FleetTheme_SerenitySteps.clickFleetFilterButton(MMS_FleetTheme_SerenitySteps.java:114)
	at com.ey.mms.serenitystepsThemelevel.MMS_FleetTheme_SerenitySteps$$EnhancerByCGLIB$$d35ffff7.CGLIB$clickFleetFilterButton$22(&lt;generated&gt;)
	at com.ey.mms.serenitystepsThemelevel.MMS_FleetTheme_SerenitySteps$$EnhancerByCGLIB$$d35ffff7$$FastClassByCGLIB$$7fd98434.invoke(&lt;generated&gt;)
	at net.sf.cglib.proxy.MethodProxy.invokeSuper(MethodProxy.java:228)
	at net.thucydides.core.steps.StepInterceptor.invokeMethod(StepInterceptor.java:348)
	at net.thucydides.core.steps.StepInterceptor.executeTestStepMethod(StepInterceptor.java:333)
	at net.thucydides.core.steps.StepInterceptor.runTestStep(StepInterceptor.java:308)
	at net.thucydides.core.steps.StepInterceptor.testStepResult(StepInterceptor.java:130)
	at net.thucydides.core.steps.StepInterceptor.intercept(StepInterceptor.java:57)
	at com.ey.mms.serenitystepsThemelevel.MMS_FleetTheme_SerenitySteps$$EnhancerByCGLIB$$d35ffff7.clickFleetFilterButton(&lt;generated&gt;)
	at com.ey.mms.cucumberStepsThemeLevel.FleetThemes_StepDefs.user_clicks_on_filter_button(FleetThemes_StepDefs.java:73)
	at sun.reflect.NativeMethodAccessorImpl.invoke0(Native Method)
	at sun.reflect.NativeMethodAccessorImpl.invoke(Unknown Source)
	at sun.reflect.DelegatingMethodAccessorImpl.invoke(Unknown Source)
	at java.lang.reflect.Method.invoke(Unknown Source)
	at cucumber.runtime.Utils$1.call(Utils.java:37)
	at cucumber.runtime.Timeout.timeout(Timeout.java:13)
	at cucumber.runtime.Utils.invoke(Utils.java:31)
	at cucumber.runtime.java.JavaStepDefinition.execute(JavaStepDefinition.java:38)
	at cucumber.runtime.StepDefinitionMatch.runStep(StepDefinitionMatch.java:37)
	at cucumber.runtime.Runtime.runStep(Runtime.java:299)
	at cucumber.runtime.model.StepContainer.runStep(StepContainer.java:44)
	at cucumber.runtime.model.StepContainer.runSteps(StepContainer.java:39)
	at cucumber.runtime.model.CucumberScenario.run(CucumberScenario.java:44)
	at cucumber.runtime.junit.ExecutionUnitRunner.run(ExecutionUnitRunner.java:91)
	at cucumber.runtime.junit.FeatureRunner.runChild(FeatureRunner.java:63)
	at cucumber.runtime.junit.FeatureRunner.runChild(FeatureRunner.java:18)
	at org.junit.runners.ParentRunner$3.run(ParentRunner.java:238)
	at org.junit.runners.ParentRunner$1.schedule(ParentRunner.java:63)
	at org.junit.runners.ParentRunner.runChildren(ParentRunner.java:236)
	at org.junit.runners.ParentRunner.access$000(ParentRunner.java:53)
	at org.junit.runners.ParentRunner$2.evaluate(ParentRunner.java:229)
	at org.junit.runners.ParentRunner.run(ParentRunner.java:309)
	at cucumber.runtime.junit.FeatureRunner.run(FeatureRunner.java:70)
	at cucumber.api.junit.Cucumber.runChild(Cucumber.java:93)
	at cucumber.api.junit.Cucumber.runChild(Cucumber.java:37)
	at org.junit.runners.ParentRunner$3.run(ParentRunner.java:238)
	at org.junit.runners.ParentRunner$1.schedule(ParentRunner.java:63)
	at org.junit.runners.ParentRunner.runChildren(ParentRunner.java:236)
	at org.junit.runners.ParentRunner.access$000(ParentRunner.java:53)
	at org.junit.runners.ParentRunner$2.evaluate(ParentRunner.java:229)
	at org.junit.internal.runners.statements.RunBefores.evaluate(RunBefores.java:26)
	at org.junit.runners.ParentRunner.run(ParentRunner.java:309)
	at cucumber.api.junit.Cucumber.run(Cucumber.java:98)
	at org.junit.runner.JUnitCore.run(JUnitCore.java:160)
	at org.junit.runner.JUnitCore.run(JUnitCore.java:138)
	at org.testng.junit.JUnit4TestRunner.start(JUnit4TestRunner.java:81)
	at org.testng.junit.JUnit4TestRunner.run(JUnit4TestRunner.java:69)
	at org.testng.TestRunner$1.run(TestRunner.java:697)
	at org.testng.TestRunner.runJUnitWorkers(TestRunner.java:1004)
	at org.testng.TestRunner.privateRunJUnit(TestRunner.java:728)
	at org.testng.TestRunner.run(TestRunner.java:629)
	at org.testng.SuiteRunner.runTest(SuiteRunner.java:366)
	at org.testng.SuiteRunner.runSequentially(SuiteRunner.java:361)
	at org.testng.SuiteRunner.privateRun(SuiteRunner.java:319)
	at org.testng.SuiteRunner.run(SuiteRunner.java:268)
	at org.testng.SuiteRunnerWorker.runSuite(SuiteRunnerWorker.java:52)
	at org.testng.SuiteRunnerWorker.run(SuiteRunnerWorker.java:86)
	at org.testng.TestNG.runSuitesSequentially(TestNG.java:1244)
	at org.testng.TestNG.runSuitesLocally(TestNG.java:1169)
	at org.testng.TestNG.run(TestNG.java:1064)
	at org.apache.maven.surefire.testng.TestNGExecutor.run(TestNGExecutor.java:132)
	at org.apache.maven.surefire.testng.TestNGDirectoryTestSuite.executeSingleClass(TestNGDirectoryTestSuite.java:134)
	at org.apache.maven.surefire.testng.TestNGDirectoryTestSuite.execute(TestNGDirectoryTestSuite.java:118)
	at org.apache.maven.surefire.testng.TestNGProvider.invoke(TestNGProvider.java:146)
	at org.apache.maven.surefire.booter.ForkedBooter.invokeProviderInSameClassLoader(ForkedBooter.java:286)
	at org.apache.maven.surefire.booter.ForkedBooter.runSuitesInProcess(ForkedBooter.java:240)
	at org.apache.maven.surefire.booter.ForkedBooter.main(ForkedBooter.java:121)
Caused by: net.thucydides.core.webdriver.UnsupportedDriverException: Could not instantiate class org.openqa.selenium.firefox.FirefoxDriver
	at net.thucydides.core.webdriver.WebDriverFactory.newWebdriverInstance(WebDriverFactory.java:204)
	at net.thucydides.core.webdriver.WebDriverFacade.newDriverInstance(WebDriverFacade.java:140)
	... 78 more
Caused by: org.openqa.selenium.WebDriverException: Failed to connect to binary FirefoxBinary(C:\Program Files (x86)\Mozilla Firefox\firefox.exe) on port 7055; process output follows: 
own blocker for PluginProvider
1543830613341	addons.manager	DEBUG	Provider finished startup: PluginProvider
1543830613341	addons.manager	DEBUG	Completed startup sequence
IPDL protocol error: Handler returned error code!

###!!! [Parent][DispatchAsyncMessage] Error: PLayerTransaction::Msg_ReleaseLayer Processing error: message was deserialized, but the handler returned false (indicating failure)

IPDL protocol error: Handler returned error code!

###!!! [Parent][DispatchAsyncMessage] Error: PLayerTransaction::Msg_ReleaseLayer Processing error: message was deserialized, but the handler returned false (indicating failure)

1543830616695	addons.repository	DEBUG	No addons.json found.
1543830616716	addons.manager	DEBUG	Starting provider: PreviousExperimentProvider
1543830616717	addons.manager	DEBUG	Registering shutdown blocker for PreviousExperimentProvider
1543830616717	addons.manager	DEBUG	Provider finished startup: PreviousExperimentProvider
1543830617059	addons.xpi-utils	DEBUG	XPI Database saved, setting schema version preference to 25
1543830618332	addons.xpi	INFO	Mapping fxdriver@googlecode.com to C:\Users\503089474\AppData\Local\Temp\anonymous1719365588942168112webdriver-profile\extensions\fxdriver@googlecode.com
1543830618332	addons.xpi	DEBUG	Ignoring file entry whose name is not a valid add-on ID: C:\Users\503089474\AppData\Local\Temp\anonymous1719365588942168112webdriver-profile\extensions\webdriver-staging
1543830618334	addons.xpi	DEBUG	Existing add-on fxdriver@googlecode.com in app-profile
1543830618334	addons.xpi	INFO	Mapping activity-stream@mozilla.org to C:\Program Files (x86)\Mozilla Firefox\browser\features\activity-stream@mozilla.org.xpi
1543830618334	addons.xpi	INFO	Mapping aushelper@mozilla.org to C:\Program Files (x86)\Mozilla Firefox\browser\features\aushelper@mozilla.org.xpi
1543830618334	addons.xpi	INFO	Mapping firefox@getpocket.com to C:\Program Files (x86)\Mozilla Firefox\browser\features\firefox@getpocket.com.xpi
1543830618334	addons.xpi	INFO	Mapping followonsearch@mozilla.com to C:\Program Files (x86)\Mozilla Firefox\browser\features\followonsearch@mozilla.com.xpi
1543830618335	addons.xpi	INFO	Mapping formautofill@mozilla.org to C:\Program Files (x86)\Mozilla Firefox\browser\features\formautofill@mozilla.org.xpi
1543830618335	addons.xpi	INFO	Mapping jaws-esr@mozilla.org to C:\Program Files (x86)\Mozilla Firefox\browser\features\jaws-esr@mozilla.org.xpi
1543830618335	addons.xpi	INFO	Mapping onboarding@mozilla.org to C:\Program Files (x86)\Mozilla Firefox\browser\features\onboarding@mozilla.org.xpi
1543830618335	addons.xpi	INFO	Mapping screenshots@mozilla.org to C:\Program Files (x86)\Mozilla Firefox\browser\features\screenshots@mozilla.org.xpi
1543830618335	addons.xpi	INFO	Mapping webcompat@mozilla.org to C:\Program Files (x86)\Mozilla Firefox\browser\features\webcompat@mozilla.org.xpi
1543830618336	addons.xpi	DEBUG	Existing add-on activity-stream@mozilla.org in app-system-defaults
1543830618336	addons.xpi	DEBUG	Existing add-on aushelper@mozilla.org in app-system-defaults
1543830618337	addons.xpi	DEBUG	Existing add-on firefox@getpocket.com in app-system-defaults
1543830618337	addons.xpi	DEBUG	Existing add-on followonsearch@mozilla.com in app-system-defaults
1543830618338	addons.xpi	DEBUG	Existing add-on formautofill@mozilla.org in app-system-defaults
1543830618339	addons.xpi	DEBUG	Existing add-on jaws-esr@mozilla.org in app-system-defaults
1543830618339	addons.xpi	DEBUG	Existing add-on onboarding@mozilla.org in app-system-defaults
1543830618340	addons.xpi	DEBUG	Existing add-on screenshots@mozilla.org in app-system-defaults
1543830618341	addons.xpi	DEBUG	Existing add-on webcompat@mozilla.org in app-system-defaults
1543830618342	addons.xpi	INFO	Mapping {972ce4c6-7e08-4474-a285-3208198ce6fd} to C:\Program Files (x86)\Mozilla Firefox\browser\extensions\{972ce4c6-7e08-4474-a285-3208198ce6fd}.xpi
1543830618343	addons.xpi	DEBUG	Existing add-on {972ce4c6-7e08-4474-a285-3208198ce6fd} in app-global
1543830618343	addons.xpi	DEBUG	getInstallState changed: false, state: {}

Build info: version: '2.53.1', revision: 'a36b8b1cd5757287168e54b817830adce9b0158d', time: '2016-06-30 19:26:09'
System info: host: 'G69G7SF2E', ip: '10.185.118.145', os.name: 'Windows 10', os.arch: 'amd64', os.version: '10.0', java.version: '1.8.0_191'
Driver info: driver.version: FirefoxDriver
	at org.openqa.selenium.firefox.internal.NewProfileExtensionConnection.start(NewProfileExtensionConnection.java:125)
	at org.openqa.selenium.firefox.FirefoxDriver.startClient(FirefoxDriver.java:271)
	at org.openqa.selenium.remote.RemoteWebDriver.&lt;init&gt;(RemoteWebDriver.java:119)
	at org.openqa.selenium.firefox.FirefoxDriver.&lt;init&gt;(FirefoxDriver.java:216)
	at org.openqa.selenium.firefox.FirefoxDriver.&lt;init&gt;(FirefoxDriver.java:211)
	at org.openqa.selenium.firefox.FirefoxDriver.&lt;init&gt;(FirefoxDriver.java:128)
	at net.thucydides.core.webdriver.WebdriverInstanceFactory.newFirefoxDriver(WebdriverInstanceFactory.java:60)
	at net.thucydides.core.webdriver.WebDriverFactory.firefoxDriver(WebDriverFactory.java:499)
	at net.thucydides.core.webdriver.WebDriverFactory.newWebdriverInstance(WebDriverFactory.java:177)
	... 79 more
Caused by: org.openqa.selenium.firefox.NotConnectedException: Unable to connect to host 127.0.0.1 on port 7055 after 45000 ms. Firefox console output:
own blocker for PluginProvider
1543830613341	addons.manager	DEBUG	Provider finished startup: PluginProvider
1543830613341	addons.manager	DEBUG	Completed startup sequence
IPDL protocol error: Handler returned error code!

###!!! [Parent][DispatchAsyncMessage] Error: PLayerTransaction::Msg_ReleaseLayer Processing error: message was deserialized, but the handler returned false (indicating failure)

IPDL protocol error: Handler returned error code!

###!!! [Parent][DispatchAsyncMessage] Error: PLayerTransaction::Msg_ReleaseLayer Processing error: message was deserialized, but the handler returned false (indicating failure)

1543830616695	addons.repository	DEBUG	No addons.json found.
1543830616716	addons.manager	DEBUG	Starting provider: PreviousExperimentProvider
1543830616717	addons.manager	DEBUG	Registering shutdown blocker for PreviousExperimentProvider
1543830616717	addons.manager	DEBUG	Provider finished startup: PreviousExperimentProvider
1543830617059	addons.xpi-utils	DEBUG	XPI Database saved, setting schema version preference to 25
1543830618332	addons.xpi	INFO	Mapping fxdriver@googlecode.com to C:\Users\503089474\AppData\Local\Temp\anonymous1719365588942168112webdriver-profile\extensions\fxdriver@googlecode.com
1543830618332	addons.xpi	DEBUG	Ignoring file entry whose name is not a valid add-on ID: C:\Users\503089474\AppData\Local\Temp\anonymous1719365588942168112webdriver-profile\extensions\webdriver-staging
1543830618334	addons.xpi	DEBUG	Existing add-on fxdriver@googlecode.com in app-profile
1543830618334	addons.xpi	INFO	Mapping activity-stream@mozilla.org to C:\Program Files (x86)\Mozilla Firefox\browser\features\activity-stream@mozilla.org.xpi
1543830618334	addons.xpi	INFO	Mapping aushelper@mozilla.org to C:\Program Files (x86)\Mozilla Firefox\browser\features\aushelper@mozilla.org.xpi
1543830618334	addons.xpi	INFO	Mapping firefox@getpocket.com to C:\Program Files (x86)\Mozilla Firefox\browser\features\firefox@getpocket.com.xpi
1543830618334	addons.xpi	INFO	Mapping followonsearch@mozilla.com to C:\Program Files (x86)\Mozilla Firefox\browser\features\followonsearch@mozilla.com.xpi
1543830618335	addons.xpi	INFO	Mapping formautofill@mozilla.org to C:\Program Files (x86)\Mozilla Firefox\browser\features\formautofill@mozilla.org.xpi
1543830618335	addons.xpi	INFO	Mapping jaws-esr@mozilla.org to C:\Program Files (x86)\Mozilla Firefox\browser\features\jaws-esr@mozilla.org.xpi
1543830618335	addons.xpi	INFO	Mapping onboarding@mozilla.org to C:\Program Files (x86)\Mozilla Firefox\browser\features\onboarding@mozilla.org.xpi
1543830618335	addons.xpi	INFO	Mapping screenshots@mozilla.org to C:\Program Files (x86)\Mozilla Firefox\browser\features\screenshots@mozilla.org.xpi
1543830618335	addons.xpi	INFO	Mapping webcompat@mozilla.org to C:\Program Files (x86)\Mozilla Firefox\browser\features\webcompat@mozilla.org.xpi
1543830618336	addons.xpi	DEBUG	Existing add-on activity-stream@mozilla.org in app-system-defaults
1543830618336	addons.xpi	DEBUG	Existing add-on aushelper@mozilla.org in app-system-defaults
1543830618337	addons.xpi	DEBUG	Existing add-on firefox@getpocket.com in app-system-defaults
1543830618337	addons.xpi	DEBUG	Existing add-on followonsearch@mozilla.com in app-system-defaults
1543830618338	addons.xpi	DEBUG	Existing add-on formautofill@mozilla.org in app-system-defaults
1543830618339	addons.xpi	DEBUG	Existing add-on jaws-esr@mozilla.org in app-system-defaults
1543830618339	addons.xpi	DEBUG	Existing add-on onboarding@mozilla.org in app-system-defaults
1543830618340	addons.xpi	DEBUG	Existing add-on screenshots@mozilla.org in app-system-defaults
1543830618341	addons.xpi	DEBUG	Existing add-on webcompat@mozilla.org in app-system-defaults
1543830618342	addons.xpi	INFO	Mapping {972ce4c6-7e08-4474-a285-3208198ce6fd} to C:\Program Files (x86)\Mozilla Firefox\browser\extensions\{972ce4c6-7e08-4474-a285-3208198ce6fd}.xpi
1543830618343	addons.xpi	DEBUG	Existing add-on {972ce4c6-7e08-4474-a285-3208198ce6fd} in app-global
1543830618343	addons.xpi	DEBUG	getInstallState changed: false, state: {}

	at org.openqa.selenium.firefox.internal.NewProfileExtensionConnection.start(NewProfileExtensionConnection.java:113)
	... 87 more
</td>
</tr>

<tr>
<td>286668</td>
<td title="main thread">main</td>
<td title="Level"><font color="#993300"><strong>ERROR</strong></font></td>
<td title="com.ey.mms.util.EY_FW_Utility category">com.ey.mms.util.EY_FW_Utility</td>
<td title="Message">[EY_FW_Utility: findAnyElementByAnyLocator] Exception thrown -- net.thucydides.core.webdriver.UnsupportedDriverException: Could not instantiate class org.openqa.selenium.firefox.FirefoxDriver
	at net.thucydides.core.webdriver.WebDriverFacade.newDriverInstance(WebDriverFacade.java:144)
	at net.thucydides.core.webdriver.WebDriverFacade.newProxyDriver(WebDriverFacade.java:131)
	at net.thucydides.core.webdriver.WebDriverFacade.getProxiedDriver(WebDriverFacade.java:103)
	at net.thucydides.core.webdriver.WebDriverFacade.findElement(WebDriverFacade.java:243)
	at org.openqa.selenium.support.ui.ExpectedConditions.findElement(ExpectedConditions.java:899)
	at org.openqa.selenium.support.ui.ExpectedConditions.access$000(ExpectedConditions.java:41)
	at org.openqa.selenium.support.ui.ExpectedConditions$6.apply(ExpectedConditions.java:181)
	at org.openqa.selenium.support.ui.ExpectedConditions$6.apply(ExpectedConditions.java:178)
	at org.openqa.selenium.support.ui.FluentWait.until(FluentWait.java:238)
	at com.ey.mms.util.EY_FW_Utility.findElementByLocator(EY_FW_Utility.java:310)
	at com.ey.mms.pageobjects.FleetListPage.clickCloseCarInitial(FleetListPage.java:155)
	at com.ey.mms.serenitystepsThemelevel.MMS_FleetTheme_SerenitySteps.clickFleetCarInitialClose(MMS_FleetTheme_SerenitySteps.java:234)
	at com.ey.mms.serenitystepsThemelevel.MMS_FleetTheme_SerenitySteps$$EnhancerByCGLIB$$d35ffff7.CGLIB$clickFleetCarInitialClose$26(&lt;generated&gt;)
	at com.ey.mms.serenitystepsThemelevel.MMS_FleetTheme_SerenitySteps$$EnhancerByCGLIB$$d35ffff7$$FastClassByCGLIB$$7fd98434.invoke(&lt;generated&gt;)
	at net.sf.cglib.proxy.MethodProxy.invokeSuper(MethodProxy.java:228)
	at net.thucydides.core.steps.StepInterceptor.invokeMethod(StepInterceptor.java:348)
	at net.thucydides.core.steps.StepInterceptor.executeTestStepMethod(StepInterceptor.java:333)
	at net.thucydides.core.steps.StepInterceptor.runTestStep(StepInterceptor.java:308)
	at net.thucydides.core.steps.StepInterceptor.testStepResult(StepInterceptor.java:130)
	at net.thucydides.core.steps.StepInterceptor.intercept(StepInterceptor.java:57)
	at com.ey.mms.serenitystepsThemelevel.MMS_FleetTheme_SerenitySteps$$EnhancerByCGLIB$$d35ffff7.clickFleetCarInitialClose(&lt;generated&gt;)
	at com.ey.mms.cucumberStepsThemeLevel.FleetThemes_StepDefs.user_is_already_on_the_Fleet_page(FleetThemes_StepDefs.java:146)
	at sun.reflect.NativeMethodAccessorImpl.invoke0(Native Method)
	at sun.reflect.NativeMethodAccessorImpl.invoke(Unknown Source)
	at sun.reflect.DelegatingMethodAccessorImpl.invoke(Unknown Source)
	at java.lang.reflect.Method.invoke(Unknown Source)
	at cucumber.runtime.Utils$1.call(Utils.java:37)
	at cucumber.runtime.Timeout.timeout(Timeout.java:13)
	at cucumber.runtime.Utils.invoke(Utils.java:31)
	at cucumber.runtime.java.JavaStepDefinition.execute(JavaStepDefinition.java:38)
	at cucumber.runtime.StepDefinitionMatch.runStep(StepDefinitionMatch.java:37)
	at cucumber.runtime.Runtime.runStep(Runtime.java:299)
	at cucumber.runtime.model.StepContainer.runStep(StepContainer.java:44)
	at cucumber.runtime.model.StepContainer.runSteps(StepContainer.java:39)
	at cucumber.runtime.model.CucumberScenario.run(CucumberScenario.java:44)
	at cucumber.runtime.junit.ExecutionUnitRunner.run(ExecutionUnitRunner.java:91)
	at cucumber.runtime.junit.FeatureRunner.runChild(FeatureRunner.java:63)
	at cucumber.runtime.junit.FeatureRunner.runChild(FeatureRunner.java:18)
	at org.junit.runners.ParentRunner$3.run(ParentRunner.java:238)
	at org.junit.runners.ParentRunner$1.schedule(ParentRunner.java:63)
	at org.junit.runners.ParentRunner.runChildren(ParentRunner.java:236)
	at org.junit.runners.ParentRunner.access$000(ParentRunner.java:53)
	at org.junit.runners.ParentRunner$2.evaluate(ParentRunner.java:229)
	at org.junit.runners.ParentRunner.run(ParentRunner.java:309)
	at cucumber.runtime.junit.FeatureRunner.run(FeatureRunner.java:70)
	at cucumber.api.junit.Cucumber.runChild(Cucumber.java:93)
	at cucumber.api.junit.Cucumber.runChild(Cucumber.java:37)
	at org.junit.runners.ParentRunner$3.run(ParentRunner.java:238)
	at org.junit.runners.ParentRunner$1.schedule(ParentRunner.java:63)
	at org.junit.runners.ParentRunner.runChildren(ParentRunner.java:236)
	at org.junit.runners.ParentRunner.access$000(ParentRunner.java:53)
	at org.junit.runners.ParentRunner$2.evaluate(ParentRunner.java:229)
	at org.junit.internal.runners.statements.RunBefores.evaluate(RunBefores.java:26)
	at org.junit.runners.ParentRunner.run(ParentRunner.java:309)
	at cucumber.api.junit.Cucumber.run(Cucumber.java:98)
	at org.junit.runner.JUnitCore.run(JUnitCore.java:160)
	at org.junit.runner.JUnitCore.run(JUnitCore.java:138)
	at org.testng.junit.JUnit4TestRunner.start(JUnit4TestRunner.java:81)
	at org.testng.junit.JUnit4TestRunner.run(JUnit4TestRunner.java:69)
	at org.testng.TestRunner$1.run(TestRunner.java:697)
	at org.testng.TestRunner.runJUnitWorkers(TestRunner.java:1004)
	at org.testng.TestRunner.privateRunJUnit(TestRunner.java:728)
	at org.testng.TestRunner.run(TestRunner.java:629)
	at org.testng.SuiteRunner.runTest(SuiteRunner.java:366)
	at org.testng.SuiteRunner.runSequentially(SuiteRunner.java:361)
	at org.testng.SuiteRunner.privateRun(SuiteRunner.java:319)
	at org.testng.SuiteRunner.run(SuiteRunner.java:268)
	at org.testng.SuiteRunnerWorker.runSuite(SuiteRunnerWorker.java:52)
	at org.testng.SuiteRunnerWorker.run(SuiteRunnerWorker.java:86)
	at org.testng.TestNG.runSuitesSequentially(TestNG.java:1244)
	at org.testng.TestNG.runSuitesLocally(TestNG.java:1169)
	at org.testng.TestNG.run(TestNG.java:1064)
	at org.apache.maven.surefire.testng.TestNGExecutor.run(TestNGExecutor.java:132)
	at org.apache.maven.surefire.testng.TestNGDirectoryTestSuite.executeSingleClass(TestNGDirectoryTestSuite.java:134)
	at org.apache.maven.surefire.testng.TestNGDirectoryTestSuite.execute(TestNGDirectoryTestSuite.java:118)
	at org.apache.maven.surefire.testng.TestNGProvider.invoke(TestNGProvider.java:146)
	at org.apache.maven.surefire.booter.ForkedBooter.invokeProviderInSameClassLoader(ForkedBooter.java:286)
	at org.apache.maven.surefire.booter.ForkedBooter.runSuitesInProcess(ForkedBooter.java:240)
	at org.apache.maven.surefire.booter.ForkedBooter.main(ForkedBooter.java:121)
Caused by: net.thucydides.core.webdriver.UnsupportedDriverException: Could not instantiate class org.openqa.selenium.firefox.FirefoxDriver
	at net.thucydides.core.webdriver.WebDriverFactory.newWebdriverInstance(WebDriverFactory.java:204)
	at net.thucydides.core.webdriver.WebDriverFacade.newDriverInstance(WebDriverFacade.java:140)
	... 78 more
Caused by: org.openqa.selenium.WebDriverException: Failed to connect to binary FirefoxBinary(C:\Program Files (x86)\Mozilla Firefox\firefox.exe) on port 7055; process output follows: 
ddons.xpi	DEBUG	Calling bootstrap method shutdown on webcompat@mozilla.org version 1.1
1543830711642	addons.xpi	DEBUG	Calling bootstrap method shutdown on screenshots@mozilla.org version 30.1.0
1543830711646	addons.xpi	DEBUG	Calling bootstrap method shutdown on onboarding@mozilla.org version 1.0
1543830711647	addons.xpi	DEBUG	Calling bootstrap method shutdown on jaws-esr@mozilla.org version 1.2
1543830711648	addons.xpi	DEBUG	Calling bootstrap method shutdown on formautofill@mozilla.org version 1.0
1543830711649	addons.xpi	DEBUG	Calling bootstrap method shutdown on followonsearch@mozilla.com version 0.9.6
1543830711650	addons.xpi	DEBUG	Calling bootstrap method shutdown on firefox@getpocket.com version 1.0.5
1543830711651	addons.xpi	DEBUG	Calling bootstrap method shutdown on aushelper@mozilla.org version 2.0
1543830711652	addons.xpi	DEBUG	Calling bootstrap method shutdown on activity-stream@mozilla.org version 2018.04.20.1103-b3b95672
1543830711655	addons.xpi	WARN	Exception running bootstrap method shutdown on activity-stream@mozilla.org: [Exception... &quot;Component returned failure code: 0x80004005 (NS_ERROR_FAILURE) [nsIObserverService.removeObserver]&quot;  nsresult: &quot;0x80004005 (NS_ERROR_FAILURE)&quot;  location: &quot;JS frame :: resource://activity-stream/lib/SnippetsFeed.jsm :: uninit :: line 185&quot;  data: no] Stack trace: uninit()@resource://activity-stream/lib/SnippetsFeed.jsm:185
onAction()@resource://activity-stream/lib/SnippetsFeed.jsm:201
_middleware/&lt;/&lt;()@resource://activity-stream/lib/Store.jsm:49
Store/this[method]()@resource://activity-stream/lib/Store.jsm:28
uninit()@resource://activity-stream/lib/Store.jsm:151
uninit()@resource://activity-stream/lib/ActivityStream.jsm:300
uninit()@resource://gre/modules/addons/XPIProvider.jsm -&gt; jar:file:///C:/Program%20Files%20(x86)/Mozilla%20Firefox/browser/features/activity-stream@mozilla.org.xpi!/bootstrap.js:73
shutdown()@resource://gre/modules/addons/XPIProvider.jsm -&gt; jar:file:///C:/Program%20Files%20(x86)/Mozilla%20Firefox/browser/features/activity-stream@mozilla.org.xpi!/bootstrap.js:169
callBootstrapMethod()@resource://gre/modules/addons/XPIProvider.jsm:4442
observe()@resource://gre/modules/addons/XPIProvider.jsm:2291
[Child 15640, Chrome_ChildThread] WARNING: pipe error: 109: file z:/build/build/src/ipc/chromium/src/chrome/common/ipc_channel_win.cc, line 346
[Child 15640, Chrome_ChildThread] WARNING: pipe error: 109: file z:/build/build/src/ipc/chromium/src/chrome/common/ipc_channel_win.cc, line 346
1543830713011	addons.manager	DEBUG	shutdown
1543830713012	addons.manager	DEBUG	Calling shutdown blocker for XPIProvider
1543830713012	addons.xpi	DEBUG	shutdown
1543830713012	addons.xpi-utils	DEBUG	shutdown
1543830713012	addons.manager	DEBUG	Calling shutdown blocker for LightweightThemeManager
1543830713012	addons.manager	DEBUG	Calling shutdown blocker for GMPProvider
1543830713013	addons.manager	DEBUG	Calling shutdown blocker for PluginProvider
1543830713014	addons.manager	DEBUG	Calling shutdown blocker for PreviousExperimentProvider
1543830713022	addons.manager	DEBUG	Async provider shutdown done
*** UTM:SVC TimerManager:registerTimer called after profile-before-change notification. Ignoring timer registration for id: telemetry_modules_ping
JavaScript error: resource://gre/modules/osfile/osfile_async_front.jsm, line 408: Error: OS.File has been shut down. Rejecting post to DirectoryIterator_prototype_close
JavaScript error: resource://gre/modules/ProfileAge.jsm, line 174: Error: Unable to fetch oldest profile entry: Error: OS.File has been shut down. Rejecting request to DirectoryIterator_prototype_next
JavaScript error: resource://gre/modules/osfile/osfile_async_front.jsm, line 408: Error: OS.File has been shut down. Rejecting post to DirectoryIterator_prototype_close
JavaScript error: resource://gre/modules/ProfileAge.jsm, line 174: Error: Unable to fetch oldest profile entry: Error: OS.File has been shut down. Rejecting post to DirectoryIterator_prototype_next

###!!! [Child][MessageChannel::SendAndWait] Error: Channel error: cannot send/recv


Build info: version: '2.53.1', revision: 'a36b8b1cd5757287168e54b817830adce9b0158d', time: '2016-06-30 19:26:09'
System info: host: 'G69G7SF2E', ip: '10.185.118.145', os.name: 'Windows 10', os.arch: 'amd64', os.version: '10.0', java.version: '1.8.0_191'
Driver info: driver.version: FirefoxDriver
	at org.openqa.selenium.firefox.internal.NewProfileExtensionConnection.start(NewProfileExtensionConnection.java:125)
	at org.openqa.selenium.firefox.FirefoxDriver.startClient(FirefoxDriver.java:271)
	at org.openqa.selenium.remote.RemoteWebDriver.&lt;init&gt;(RemoteWebDriver.java:119)
	at org.openqa.selenium.firefox.FirefoxDriver.&lt;init&gt;(FirefoxDriver.java:216)
	at org.openqa.selenium.firefox.FirefoxDriver.&lt;init&gt;(FirefoxDriver.java:211)
	at org.openqa.selenium.firefox.FirefoxDriver.&lt;init&gt;(FirefoxDriver.java:128)
	at net.thucydides.core.webdriver.WebdriverInstanceFactory.newFirefoxDriver(WebdriverInstanceFactory.java:60)
	at net.thucydides.core.webdriver.WebDriverFactory.firefoxDriver(WebDriverFactory.java:499)
	at net.thucydides.core.webdriver.WebDriverFactory.newWebdriverInstance(WebDriverFactory.java:177)
	... 79 more
Caused by: org.openqa.selenium.firefox.NotConnectedException: Unable to connect to host 127.0.0.1 on port 7055 after 45000 ms. Firefox console output:
ddons.xpi	DEBUG	Calling bootstrap method shutdown on webcompat@mozilla.org version 1.1
1543830711642	addons.xpi	DEBUG	Calling bootstrap method shutdown on screenshots@mozilla.org version 30.1.0
1543830711646	addons.xpi	DEBUG	Calling bootstrap method shutdown on onboarding@mozilla.org version 1.0
1543830711647	addons.xpi	DEBUG	Calling bootstrap method shutdown on jaws-esr@mozilla.org version 1.2
1543830711648	addons.xpi	DEBUG	Calling bootstrap method shutdown on formautofill@mozilla.org version 1.0
1543830711649	addons.xpi	DEBUG	Calling bootstrap method shutdown on followonsearch@mozilla.com version 0.9.6
1543830711650	addons.xpi	DEBUG	Calling bootstrap method shutdown on firefox@getpocket.com version 1.0.5
1543830711651	addons.xpi	DEBUG	Calling bootstrap method shutdown on aushelper@mozilla.org version 2.0
1543830711652	addons.xpi	DEBUG	Calling bootstrap method shutdown on activity-stream@mozilla.org version 2018.04.20.1103-b3b95672
1543830711655	addons.xpi	WARN	Exception running bootstrap method shutdown on activity-stream@mozilla.org: [Exception... &quot;Component returned failure code: 0x80004005 (NS_ERROR_FAILURE) [nsIObserverService.removeObserver]&quot;  nsresult: &quot;0x80004005 (NS_ERROR_FAILURE)&quot;  location: &quot;JS frame :: resource://activity-stream/lib/SnippetsFeed.jsm :: uninit :: line 185&quot;  data: no] Stack trace: uninit()@resource://activity-stream/lib/SnippetsFeed.jsm:185
onAction()@resource://activity-stream/lib/SnippetsFeed.jsm:201
_middleware/&lt;/&lt;()@resource://activity-stream/lib/Store.jsm:49
Store/this[method]()@resource://activity-stream/lib/Store.jsm:28
uninit()@resource://activity-stream/lib/Store.jsm:151
uninit()@resource://activity-stream/lib/ActivityStream.jsm:300
uninit()@resource://gre/modules/addons/XPIProvider.jsm -&gt; jar:file:///C:/Program%20Files%20(x86)/Mozilla%20Firefox/browser/features/activity-stream@mozilla.org.xpi!/bootstrap.js:73
shutdown()@resource://gre/modules/addons/XPIProvider.jsm -&gt; jar:file:///C:/Program%20Files%20(x86)/Mozilla%20Firefox/browser/features/activity-stream@mozilla.org.xpi!/bootstrap.js:169
callBootstrapMethod()@resource://gre/modules/addons/XPIProvider.jsm:4442
observe()@resource://gre/modules/addons/XPIProvider.jsm:2291
[Child 15640, Chrome_ChildThread] WARNING: pipe error: 109: file z:/build/build/src/ipc/chromium/src/chrome/common/ipc_channel_win.cc, line 346
[Child 15640, Chrome_ChildThread] WARNING: pipe error: 109: file z:/build/build/src/ipc/chromium/src/chrome/common/ipc_channel_win.cc, line 346
1543830713011	addons.manager	DEBUG	shutdown
1543830713012	addons.manager	DEBUG	Calling shutdown blocker for XPIProvider
1543830713012	addons.xpi	DEBUG	shutdown
1543830713012	addons.xpi-utils	DEBUG	shutdown
1543830713012	addons.manager	DEBUG	Calling shutdown blocker for LightweightThemeManager
1543830713012	addons.manager	DEBUG	Calling shutdown blocker for GMPProvider
1543830713013	addons.manager	DEBUG	Calling shutdown blocker for PluginProvider
1543830713014	addons.manager	DEBUG	Calling shutdown blocker for PreviousExperimentProvider
1543830713022	addons.manager	DEBUG	Async provider shutdown done
*** UTM:SVC TimerManager:registerTimer called after profile-before-change notification. Ignoring timer registration for id: telemetry_modules_ping
JavaScript error: resource://gre/modules/osfile/osfile_async_front.jsm, line 408: Error: OS.File has been shut down. Rejecting post to DirectoryIterator_prototype_close
JavaScript error: resource://gre/modules/ProfileAge.jsm, line 174: Error: Unable to fetch oldest profile entry: Error: OS.File has been shut down. Rejecting request to DirectoryIterator_prototype_next
JavaScript error: resource://gre/modules/osfile/osfile_async_front.jsm, line 408: Error: OS.File has been shut down. Rejecting post to DirectoryIterator_prototype_close
JavaScript error: resource://gre/modules/ProfileAge.jsm, line 174: Error: Unable to fetch oldest profile entry: Error: OS.File has been shut down. Rejecting post to DirectoryIterator_prototype_next

###!!! [Child][MessageChannel::SendAndWait] Error: Channel error: cannot send/recv


	at org.openqa.selenium.firefox.internal.NewProfileExtensionConnection.start(NewProfileExtensionConnection.java:113)
	... 87 more
</td>
</tr>

<tr>
<td>286870</td>
<td title="main thread">main</td>
<td title="Level">INFO</td>
<td title="com.ey.mms.pageobjects.HomePage category">com.ey.mms.pageobjects.HomePage</td>
<td title="Message">[MMS_HomePage : clickConfiguration] Clicking Configuration </td>
</tr>

<tr>
<td>381258</td>
<td title="main thread">main</td>
<td title="Level"><font color="#993300"><strong>ERROR</strong></font></td>
<td title="com.ey.mms.util.EY_FW_Utility category">com.ey.mms.util.EY_FW_Utility</td>
<td title="Message">[EY_FW_Utility: findAnyElementByAnyLocator] Exception thrown -- net.thucydides.core.webdriver.UnsupportedDriverException: Could not instantiate class org.openqa.selenium.firefox.FirefoxDriver
	at net.thucydides.core.webdriver.WebDriverFacade.newDriverInstance(WebDriverFacade.java:144)
	at net.thucydides.core.webdriver.WebDriverFacade.newProxyDriver(WebDriverFacade.java:131)
	at net.thucydides.core.webdriver.WebDriverFacade.getProxiedDriver(WebDriverFacade.java:103)
	at net.thucydides.core.webdriver.WebDriverFacade.findElement(WebDriverFacade.java:243)
	at org.openqa.selenium.support.ui.ExpectedConditions.findElement(ExpectedConditions.java:899)
	at org.openqa.selenium.support.ui.ExpectedConditions.access$000(ExpectedConditions.java:41)
	at org.openqa.selenium.support.ui.ExpectedConditions$7.apply(ExpectedConditions.java:205)
	at org.openqa.selenium.support.ui.ExpectedConditions$7.apply(ExpectedConditions.java:201)
	at org.openqa.selenium.support.ui.FluentWait.until(FluentWait.java:238)
	at com.ey.mms.util.EY_FW_Utility.findElementByLocator(EY_FW_Utility.java:322)
	at com.ey.mms.pageobjects.HomePage.clickConfiguration(HomePage.java:44)
	at com.ey.mms.serenitystepsThemelevel.MMS_FleetTheme_SerenitySteps.clickConfigurationLink(MMS_FleetTheme_SerenitySteps.java:84)
	at com.ey.mms.serenitystepsThemelevel.MMS_FleetTheme_SerenitySteps$$EnhancerByCGLIB$$d35ffff7.CGLIB$clickConfigurationLink$7(&lt;generated&gt;)
	at com.ey.mms.serenitystepsThemelevel.MMS_FleetTheme_SerenitySteps$$EnhancerByCGLIB$$d35ffff7$$FastClassByCGLIB$$7fd98434.invoke(&lt;generated&gt;)
	at net.sf.cglib.proxy.MethodProxy.invokeSuper(MethodProxy.java:228)
	at net.thucydides.core.steps.StepInterceptor.invokeMethod(StepInterceptor.java:348)
	at net.thucydides.core.steps.StepInterceptor.executeTestStepMethod(StepInterceptor.java:333)
	at net.thucydides.core.steps.StepInterceptor.runTestStep(StepInterceptor.java:308)
	at net.thucydides.core.steps.StepInterceptor.testStepResult(StepInterceptor.java:130)
	at net.thucydides.core.steps.StepInterceptor.intercept(StepInterceptor.java:57)
	at com.ey.mms.serenitystepsThemelevel.MMS_FleetTheme_SerenitySteps$$EnhancerByCGLIB$$d35ffff7.clickConfigurationLink(&lt;generated&gt;)
	at com.ey.mms.cucumberStepsThemeLevel.FleetThemes_StepDefs.user_selected_Checkbox(FleetThemes_StepDefs.java:178)
	at sun.reflect.NativeMethodAccessorImpl.invoke0(Native Method)
	at sun.reflect.NativeMethodAccessorImpl.invoke(Unknown Source)
	at sun.reflect.DelegatingMethodAccessorImpl.invoke(Unknown Source)
	at java.lang.reflect.Method.invoke(Unknown Source)
	at cucumber.runtime.Utils$1.call(Utils.java:37)
	at cucumber.runtime.Timeout.timeout(Timeout.java:13)
	at cucumber.runtime.Utils.invoke(Utils.java:31)
	at cucumber.runtime.java.JavaStepDefinition.execute(JavaStepDefinition.java:38)
	at cucumber.runtime.StepDefinitionMatch.runStep(StepDefinitionMatch.java:37)
	at cucumber.runtime.Runtime.runStep(Runtime.java:299)
	at cucumber.runtime.model.StepContainer.runStep(StepContainer.java:44)
	at cucumber.runtime.model.StepContainer.runSteps(StepContainer.java:39)
	at cucumber.runtime.model.CucumberScenario.run(CucumberScenario.java:44)
	at cucumber.runtime.junit.ExecutionUnitRunner.run(ExecutionUnitRunner.java:91)
	at cucumber.runtime.junit.FeatureRunner.runChild(FeatureRunner.java:63)
	at cucumber.runtime.junit.FeatureRunner.runChild(FeatureRunner.java:18)
	at org.junit.runners.ParentRunner$3.run(ParentRunner.java:238)
	at org.junit.runners.ParentRunner$1.schedule(ParentRunner.java:63)
	at org.junit.runners.ParentRunner.runChildren(ParentRunner.java:236)
	at org.junit.runners.ParentRunner.access$000(ParentRunner.java:53)
	at org.junit.runners.ParentRunner$2.evaluate(ParentRunner.java:229)
	at org.junit.runners.ParentRunner.run(ParentRunner.java:309)
	at cucumber.runtime.junit.FeatureRunner.run(FeatureRunner.java:70)
	at cucumber.api.junit.Cucumber.runChild(Cucumber.java:93)
	at cucumber.api.junit.Cucumber.runChild(Cucumber.java:37)
	at org.junit.runners.ParentRunner$3.run(ParentRunner.java:238)
	at org.junit.runners.ParentRunner$1.schedule(ParentRunner.java:63)
	at org.junit.runners.ParentRunner.runChildren(ParentRunner.java:236)
	at org.junit.runners.ParentRunner.access$000(ParentRunner.java:53)
	at org.junit.runners.ParentRunner$2.evaluate(ParentRunner.java:229)
	at org.junit.internal.runners.statements.RunBefores.evaluate(RunBefores.java:26)
	at org.junit.runners.ParentRunner.run(ParentRunner.java:309)
	at cucumber.api.junit.Cucumber.run(Cucumber.java:98)
	at org.junit.runner.JUnitCore.run(JUnitCore.java:160)
	at org.junit.runner.JUnitCore.run(JUnitCore.java:138)
	at org.testng.junit.JUnit4TestRunner.start(JUnit4TestRunner.java:81)
	at org.testng.junit.JUnit4TestRunner.run(JUnit4TestRunner.java:69)
	at org.testng.TestRunner$1.run(TestRunner.java:697)
	at org.testng.TestRunner.runJUnitWorkers(TestRunner.java:1004)
	at org.testng.TestRunner.privateRunJUnit(TestRunner.java:728)
	at org.testng.TestRunner.run(TestRunner.java:629)
	at org.testng.SuiteRunner.runTest(SuiteRunner.java:366)
	at org.testng.SuiteRunner.runSequentially(SuiteRunner.java:361)
	at org.testng.SuiteRunner.privateRun(SuiteRunner.java:319)
	at org.testng.SuiteRunner.run(SuiteRunner.java:268)
	at org.testng.SuiteRunnerWorker.runSuite(SuiteRunnerWorker.java:52)
	at org.testng.SuiteRunnerWorker.run(SuiteRunnerWorker.java:86)
	at org.testng.TestNG.runSuitesSequentially(TestNG.java:1244)
	at org.testng.TestNG.runSuitesLocally(TestNG.java:1169)
	at org.testng.TestNG.run(TestNG.java:1064)
	at org.apache.maven.surefire.testng.TestNGExecutor.run(TestNGExecutor.java:132)
	at org.apache.maven.surefire.testng.TestNGDirectoryTestSuite.executeSingleClass(TestNGDirectoryTestSuite.java:134)
	at org.apache.maven.surefire.testng.TestNGDirectoryTestSuite.execute(TestNGDirectoryTestSuite.java:118)
	at org.apache.maven.surefire.testng.TestNGProvider.invoke(TestNGProvider.java:146)
	at org.apache.maven.surefire.booter.ForkedBooter.invokeProviderInSameClassLoader(ForkedBooter.java:286)
	at org.apache.maven.surefire.booter.ForkedBooter.runSuitesInProcess(ForkedBooter.java:240)
	at org.apache.maven.surefire.booter.ForkedBooter.main(ForkedBooter.java:121)
Caused by: net.thucydides.core.webdriver.UnsupportedDriverException: Could not instantiate class org.openqa.selenium.firefox.FirefoxDriver
	at net.thucydides.core.webdriver.WebDriverFactory.newWebdriverInstance(WebDriverFactory.java:204)
	at net.thucydides.core.webdriver.WebDriverFacade.newDriverInstance(WebDriverFacade.java:140)
	... 78 more
Caused by: org.openqa.selenium.WebDriverException: Failed to connect to binary FirefoxBinary(C:\Program Files (x86)\Mozilla Firefox\firefox.exe) on port 7055; process output follows: 
ocal\Temp\anonymous5409673550200992357webdriver-profile\extensions\webdriver-staging
1543830806601	addons.xpi	DEBUG	Existing add-on fxdriver@googlecode.com in app-profile
1543830806601	addons.xpi	INFO	Mapping activity-stream@mozilla.org to C:\Program Files (x86)\Mozilla Firefox\browser\features\activity-stream@mozilla.org.xpi
1543830806601	addons.xpi	INFO	Mapping aushelper@mozilla.org to C:\Program Files (x86)\Mozilla Firefox\browser\features\aushelper@mozilla.org.xpi
1543830806601	addons.xpi	INFO	Mapping firefox@getpocket.com to C:\Program Files (x86)\Mozilla Firefox\browser\features\firefox@getpocket.com.xpi
1543830806601	addons.xpi	INFO	Mapping followonsearch@mozilla.com to C:\Program Files (x86)\Mozilla Firefox\browser\features\followonsearch@mozilla.com.xpi
1543830806602	addons.xpi	INFO	Mapping formautofill@mozilla.org to C:\Program Files (x86)\Mozilla Firefox\browser\features\formautofill@mozilla.org.xpi
1543830806602	addons.xpi	INFO	Mapping jaws-esr@mozilla.org to C:\Program Files (x86)\Mozilla Firefox\browser\features\jaws-esr@mozilla.org.xpi
1543830806602	addons.xpi	INFO	Mapping onboarding@mozilla.org to C:\Program Files (x86)\Mozilla Firefox\browser\features\onboarding@mozilla.org.xpi
1543830806602	addons.xpi	INFO	Mapping screenshots@mozilla.org to C:\Program Files (x86)\Mozilla Firefox\browser\features\screenshots@mozilla.org.xpi
1543830806602	addons.xpi	INFO	Mapping webcompat@mozilla.org to C:\Program Files (x86)\Mozilla Firefox\browser\features\webcompat@mozilla.org.xpi
1543830806603	addons.xpi	DEBUG	Existing add-on activity-stream@mozilla.org in app-system-defaults
1543830806604	addons.xpi	DEBUG	Existing add-on aushelper@mozilla.org in app-system-defaults
1543830806604	addons.xpi	DEBUG	Existing add-on firefox@getpocket.com in app-system-defaults
1543830806605	addons.xpi	DEBUG	Existing add-on followonsearch@mozilla.com in app-system-defaults
1543830806605	addons.xpi	DEBUG	Existing add-on formautofill@mozilla.org in app-system-defaults
1543830806606	addons.xpi	DEBUG	Existing add-on jaws-esr@mozilla.org in app-system-defaults
1543830806606	addons.xpi	DEBUG	Existing add-on onboarding@mozilla.org in app-system-defaults
1543830806606	addons.xpi	DEBUG	Existing add-on screenshots@mozilla.org in app-system-defaults
1543830806607	addons.xpi	DEBUG	Existing add-on webcompat@mozilla.org in app-system-defaults
1543830806608	addons.xpi	INFO	Mapping {972ce4c6-7e08-4474-a285-3208198ce6fd} to C:\Program Files (x86)\Mozilla Firefox\browser\extensions\{972ce4c6-7e08-4474-a285-3208198ce6fd}.xpi
1543830806608	addons.xpi	DEBUG	Existing add-on {972ce4c6-7e08-4474-a285-3208198ce6fd} in app-global
1543830806609	addons.xpi	DEBUG	getInstallState changed: false, state: {}
1543830825795	addons.productaddons	INFO	sending request to: https://aus5.mozilla.org/update/3/GMP/60.3.0/20181017185317/WINNT_x86-msvc-x64/en-US/esr/Windows_NT%2010.0.0.0.16299.785%20(x64)/default/default/update.xml
1543830827445	addons.productaddons	INFO	Completed downloading document
1543830827448	addons.productaddons	ERROR	Request failed certificate checks: [Exception... &quot;Certificate checks failed. See previous errors for details.&quot;  nsresult: &quot;0x80070057 (NS_ERROR_ILLEGAL_VALUE)&quot;  location: &quot;JS frame :: resource://gre/modules/CertUtils.jsm :: validateCert :: line 108&quot;  data: no]
1543830827450	addons.productaddons	INFO	fetching config from: chrome://global/content/gmp-sources/openh264.json
1543830827451	addons.productaddons	INFO	fetching config from: chrome://global/content/gmp-sources/widevinecdm.json
1543830827452	addons.productaddons	INFO	found plugin: gmp-gmpopenh264
1543830827458	addons.productaddons	INFO	found plugin: gmp-widevinecdm
1543830828520	addons.productaddons	INFO	downloadXHR File download. status=200
1543830828531	addons.productaddons	INFO	Downloaded file will be saved to C:\Users\503089~1\AppData\Local\Temp\tmpaddon
1543830830600	addons.productaddons	INFO	downloadXHR File download. status=200
1543830830632	addons.productaddons	INFO	Downloaded file will be saved to C:\Users\503089~1\AppData\Local\Temp\tmpaddon-add21

Build info: version: '2.53.1', revision: 'a36b8b1cd5757287168e54b817830adce9b0158d', time: '2016-06-30 19:26:09'
System info: host: 'G69G7SF2E', ip: '10.185.118.145', os.name: 'Windows 10', os.arch: 'amd64', os.version: '10.0', java.version: '1.8.0_191'
Driver info: driver.version: FirefoxDriver
	at org.openqa.selenium.firefox.internal.NewProfileExtensionConnection.start(NewProfileExtensionConnection.java:125)
	at org.openqa.selenium.firefox.FirefoxDriver.startClient(FirefoxDriver.java:271)
	at org.openqa.selenium.remote.RemoteWebDriver.&lt;init&gt;(RemoteWebDriver.java:119)
	at org.openqa.selenium.firefox.FirefoxDriver.&lt;init&gt;(FirefoxDriver.java:216)
	at org.openqa.selenium.firefox.FirefoxDriver.&lt;init&gt;(FirefoxDriver.java:211)
	at org.openqa.selenium.firefox.FirefoxDriver.&lt;init&gt;(FirefoxDriver.java:128)
	at net.thucydides.core.webdriver.WebdriverInstanceFactory.newFirefoxDriver(WebdriverInstanceFactory.java:60)
	at net.thucydides.core.webdriver.WebDriverFactory.firefoxDriver(WebDriverFactory.java:499)
	at net.thucydides.core.webdriver.WebDriverFactory.newWebdriverInstance(WebDriverFactory.java:177)
	... 79 more
Caused by: org.openqa.selenium.firefox.NotConnectedException: Unable to connect to host 127.0.0.1 on port 7055 after 45000 ms. Firefox console output:
ocal\Temp\anonymous5409673550200992357webdriver-profile\extensions\webdriver-staging
1543830806601	addons.xpi	DEBUG	Existing add-on fxdriver@googlecode.com in app-profile
1543830806601	addons.xpi	INFO	Mapping activity-stream@mozilla.org to C:\Program Files (x86)\Mozilla Firefox\browser\features\activity-stream@mozilla.org.xpi
1543830806601	addons.xpi	INFO	Mapping aushelper@mozilla.org to C:\Program Files (x86)\Mozilla Firefox\browser\features\aushelper@mozilla.org.xpi
1543830806601	addons.xpi	INFO	Mapping firefox@getpocket.com to C:\Program Files (x86)\Mozilla Firefox\browser\features\firefox@getpocket.com.xpi
1543830806601	addons.xpi	INFO	Mapping followonsearch@mozilla.com to C:\Program Files (x86)\Mozilla Firefox\browser\features\followonsearch@mozilla.com.xpi
1543830806602	addons.xpi	INFO	Mapping formautofill@mozilla.org to C:\Program Files (x86)\Mozilla Firefox\browser\features\formautofill@mozilla.org.xpi
1543830806602	addons.xpi	INFO	Mapping jaws-esr@mozilla.org to C:\Program Files (x86)\Mozilla Firefox\browser\features\jaws-esr@mozilla.org.xpi
1543830806602	addons.xpi	INFO	Mapping onboarding@mozilla.org to C:\Program Files (x86)\Mozilla Firefox\browser\features\onboarding@mozilla.org.xpi
1543830806602	addons.xpi	INFO	Mapping screenshots@mozilla.org to C:\Program Files (x86)\Mozilla Firefox\browser\features\screenshots@mozilla.org.xpi
1543830806602	addons.xpi	INFO	Mapping webcompat@mozilla.org to C:\Program Files (x86)\Mozilla Firefox\browser\features\webcompat@mozilla.org.xpi
1543830806603	addons.xpi	DEBUG	Existing add-on activity-stream@mozilla.org in app-system-defaults
1543830806604	addons.xpi	DEBUG	Existing add-on aushelper@mozilla.org in app-system-defaults
1543830806604	addons.xpi	DEBUG	Existing add-on firefox@getpocket.com in app-system-defaults
1543830806605	addons.xpi	DEBUG	Existing add-on followonsearch@mozilla.com in app-system-defaults
1543830806605	addons.xpi	DEBUG	Existing add-on formautofill@mozilla.org in app-system-defaults
1543830806606	addons.xpi	DEBUG	Existing add-on jaws-esr@mozilla.org in app-system-defaults
1543830806606	addons.xpi	DEBUG	Existing add-on onboarding@mozilla.org in app-system-defaults
1543830806606	addons.xpi	DEBUG	Existing add-on screenshots@mozilla.org in app-system-defaults
1543830806607	addons.xpi	DEBUG	Existing add-on webcompat@mozilla.org in app-system-defaults
1543830806608	addons.xpi	INFO	Mapping {972ce4c6-7e08-4474-a285-3208198ce6fd} to C:\Program Files (x86)\Mozilla Firefox\browser\extensions\{972ce4c6-7e08-4474-a285-3208198ce6fd}.xpi
1543830806608	addons.xpi	DEBUG	Existing add-on {972ce4c6-7e08-4474-a285-3208198ce6fd} in app-global
1543830806609	addons.xpi	DEBUG	getInstallState changed: false, state: {}
1543830825795	addons.productaddons	INFO	sending request to: https://aus5.mozilla.org/update/3/GMP/60.3.0/20181017185317/WINNT_x86-msvc-x64/en-US/esr/Windows_NT%2010.0.0.0.16299.785%20(x64)/default/default/update.xml
1543830827445	addons.productaddons	INFO	Completed downloading document
1543830827448	addons.productaddons	ERROR	Request failed certificate checks: [Exception... &quot;Certificate checks failed. See previous errors for details.&quot;  nsresult: &quot;0x80070057 (NS_ERROR_ILLEGAL_VALUE)&quot;  location: &quot;JS frame :: resource://gre/modules/CertUtils.jsm :: validateCert :: line 108&quot;  data: no]
1543830827450	addons.productaddons	INFO	fetching config from: chrome://global/content/gmp-sources/openh264.json
1543830827451	addons.productaddons	INFO	fetching config from: chrome://global/content/gmp-sources/widevinecdm.json
1543830827452	addons.productaddons	INFO	found plugin: gmp-gmpopenh264
1543830827458	addons.productaddons	INFO	found plugin: gmp-widevinecdm
1543830828520	addons.productaddons	INFO	downloadXHR File download. status=200
1543830828531	addons.productaddons	INFO	Downloaded file will be saved to C:\Users\503089~1\AppData\Local\Temp\tmpaddon
1543830830600	addons.productaddons	INFO	downloadXHR File download. status=200
1543830830632	addons.productaddons	INFO	Downloaded file will be saved to C:\Users\503089~1\AppData\Local\Temp\tmpaddon-add21

	at org.openqa.selenium.firefox.internal.NewProfileExtensionConnection.start(NewProfileExtensionConnection.java:113)
	... 87 more
</td>
</tr>
